<?xml version="1.0" encoding="UTF-8"?>
<testsuite name="com.marcnuri.isotope.api.credentials.CredentialsRefreshFilterTest" tests="2" skipped="0" failures="0" errors="0" timestamp="2020-03-04T12:25:54" hostname="DESKTOP-U7U4TE6" time="0.002">
  <properties/>
  <testcase name="doFilter_authenticatedUser_shouldRefreshCredentials" classname="com.marcnuri.isotope.api.credentials.CredentialsRefreshFilterTest" time="0.002"/>
  <testcase name="doFilter_unAuthenticatedUser_shouldRefreshCredentials" classname="com.marcnuri.isotope.api.credentials.CredentialsRefreshFilterTest" time="0.0"/>
  <system-out><![CDATA[]]></system-out>
  <system-err><![CDATA[]]></system-err>
</testsuite>
